ARM GAS  C:\Users\lenovo\AppData\Local\Temp\ccGuXrhX.s 			page 1


   1              		.cpu cortex-m3
   2              		.arch armv7-m
   3              		.fpu softvfp
   4              		.eabi_attribute 20, 1
   5              		.eabi_attribute 21, 1
   6              		.eabi_attribute 23, 3
   7              		.eabi_attribute 24, 1
   8              		.eabi_attribute 25, 1
   9              		.eabi_attribute 26, 1
  10              		.eabi_attribute 30, 1
  11              		.eabi_attribute 34, 1
  12              		.eabi_attribute 18, 4
  13              		.file	"main.c"
  14              		.text
  15              	.Ltext0:
  16              		.cfi_sections	.debug_frame
  17              		.section	.text.Error_Handler,"ax",%progbits
  18              		.align	1
  19              		.global	Error_Handler
  20              		.syntax unified
  21              		.thumb
  22              		.thumb_func
  24              	Error_Handler:
  25              	.LFB67:
  26              		.file 1 "Core/Src/main.c"
   1:Core/Src/main.c **** #include "main.h"
   2:Core/Src/main.c **** #include "usart.h"
   3:Core/Src/main.c **** #include "gpio.h"
   4:Core/Src/main.c **** #include <string.h>
   5:Core/Src/main.c **** 
   6:Core/Src/main.c **** // Required declarations
   7:Core/Src/main.c **** void SystemClock_Config(void);
   8:Core/Src/main.c **** void Error_Handler(void);
   9:Core/Src/main.c **** 
  10:Core/Src/main.c **** int main(void)
  11:Core/Src/main.c **** {
  12:Core/Src/main.c ****   HAL_Init();
  13:Core/Src/main.c ****   SystemClock_Config();
  14:Core/Src/main.c ****   MX_GPIO_Init();
  15:Core/Src/main.c ****   MX_USART1_UART_Init();
  16:Core/Src/main.c **** 
  17:Core/Src/main.c ****   while (1)
  18:Core/Src/main.c ****   {
  19:Core/Src/main.c ****     uint8_t rx_buffer[64] = {0};
  20:Core/Src/main.c **** 
  21:Core/Src/main.c ****     // Blocking receive
  22:Core/Src/main.c ****     HAL_UART_Receive(&huart1, rx_buffer, sizeof(rx_buffer), HAL_MAX_DELAY);
  23:Core/Src/main.c **** 
  24:Core/Src/main.c ****     // Echo back
  25:Core/Src/main.c ****     HAL_UART_Transmit(&huart1, rx_buffer, strlen((char*)rx_buffer), HAL_MAX_DELAY);
  26:Core/Src/main.c ****   }
  27:Core/Src/main.c **** }
  28:Core/Src/main.c **** 
  29:Core/Src/main.c **** void SystemClock_Config(void)
  30:Core/Src/main.c **** {
  31:Core/Src/main.c ****   RCC_OscInitTypeDef RCC_OscInitStruct = {0};
  32:Core/Src/main.c ****   RCC_ClkInitTypeDef RCC_ClkInitStruct = {0};
ARM GAS  C:\Users\lenovo\AppData\Local\Temp\ccGuXrhX.s 			page 2


  33:Core/Src/main.c **** 
  34:Core/Src/main.c ****   RCC_OscInitStruct.OscillatorType = RCC_OSCILLATORTYPE_HSI;
  35:Core/Src/main.c ****   RCC_OscInitStruct.HSIState = RCC_HSI_ON;
  36:Core/Src/main.c ****   RCC_OscInitStruct.HSICalibrationValue = RCC_HSICALIBRATION_DEFAULT;
  37:Core/Src/main.c ****   RCC_OscInitStruct.PLL.PLLState = RCC_PLL_ON;
  38:Core/Src/main.c ****   RCC_OscInitStruct.PLL.PLLSource = RCC_PLLSOURCE_HSI_DIV2;
  39:Core/Src/main.c ****   RCC_OscInitStruct.PLL.PLLMUL = RCC_PLL_MUL2;
  40:Core/Src/main.c **** 
  41:Core/Src/main.c ****   if (HAL_RCC_OscConfig(&RCC_OscInitStruct) != HAL_OK) {
  42:Core/Src/main.c ****     Error_Handler();
  43:Core/Src/main.c ****   }
  44:Core/Src/main.c **** 
  45:Core/Src/main.c ****   RCC_ClkInitStruct.ClockType = RCC_CLOCKTYPE_HCLK | RCC_CLOCKTYPE_SYSCLK
  46:Core/Src/main.c ****                               | RCC_CLOCKTYPE_PCLK1 | RCC_CLOCKTYPE_PCLK2;
  47:Core/Src/main.c ****   RCC_ClkInitStruct.SYSCLKSource = RCC_SYSCLKSOURCE_PLLCLK;
  48:Core/Src/main.c ****   RCC_ClkInitStruct.AHBCLKDivider = RCC_SYSCLK_DIV1;
  49:Core/Src/main.c ****   RCC_ClkInitStruct.APB1CLKDivider = RCC_HCLK_DIV1;
  50:Core/Src/main.c ****   RCC_ClkInitStruct.APB2CLKDivider = RCC_HCLK_DIV1;
  51:Core/Src/main.c **** 
  52:Core/Src/main.c ****   if (HAL_RCC_ClockConfig(&RCC_ClkInitStruct, FLASH_LATENCY_0) != HAL_OK) {
  53:Core/Src/main.c ****     Error_Handler();
  54:Core/Src/main.c ****   }
  55:Core/Src/main.c **** }
  56:Core/Src/main.c **** 
  57:Core/Src/main.c **** void Error_Handler(void)
  58:Core/Src/main.c **** {
  27              		.loc 1 58 1 view -0
  28              		.cfi_startproc
  29              		@ Volatile: function does not return.
  30              		@ args = 0, pretend = 0, frame = 0
  31              		@ frame_needed = 0, uses_anonymous_args = 0
  32              		@ link register save eliminated.
  59:Core/Src/main.c ****   __disable_irq();
  33              		.loc 1 59 3 view .LVU1
  34              	.LBB4:
  35              	.LBI4:
  36              		.file 2 "C:/Users/lenovo/STM32Cube/Repository/STM32Cube_FW_F1_V1.8.0/Drivers/CMSIS/Include/cmsis_g
   1:C:/Users/lenovo/STM32Cube/Repository/STM32Cube_FW_F1_V1.8.0/Drivers/CMSIS/Include\cmsis_gcc.h **** /**************************************************************************//**
   2:C:/Users/lenovo/STM32Cube/Repository/STM32Cube_FW_F1_V1.8.0/Drivers/CMSIS/Include\cmsis_gcc.h ****  * @file     cmsis_gcc.h
   3:C:/Users/lenovo/STM32Cube/Repository/STM32Cube_FW_F1_V1.8.0/Drivers/CMSIS/Include\cmsis_gcc.h ****  * @brief    CMSIS compiler GCC header file
   4:C:/Users/lenovo/STM32Cube/Repository/STM32Cube_FW_F1_V1.8.0/Drivers/CMSIS/Include\cmsis_gcc.h ****  * @version  V5.0.4
   5:C:/Users/lenovo/STM32Cube/Repository/STM32Cube_FW_F1_V1.8.0/Drivers/CMSIS/Include\cmsis_gcc.h ****  * @date     09. April 2018
   6:C:/Users/lenovo/STM32Cube/Repository/STM32Cube_FW_F1_V1.8.0/Drivers/CMSIS/Include\cmsis_gcc.h ****  ******************************************************************************/
   7:C:/Users/lenovo/STM32Cube/Repository/STM32Cube_FW_F1_V1.8.0/Drivers/CMSIS/Include\cmsis_gcc.h **** /*
   8:C:/Users/lenovo/STM32Cube/Repository/STM32Cube_FW_F1_V1.8.0/Drivers/CMSIS/Include\cmsis_gcc.h ****  * Copyright (c) 2009-2018 Arm Limited. All rights reserved.
   9:C:/Users/lenovo/STM32Cube/Repository/STM32Cube_FW_F1_V1.8.0/Drivers/CMSIS/Include\cmsis_gcc.h ****  *
  10:C:/Users/lenovo/STM32Cube/Repository/STM32Cube_FW_F1_V1.8.0/Drivers/CMSIS/Include\cmsis_gcc.h ****  * SPDX-License-Identifier: Apache-2.0
  11:C:/Users/lenovo/STM32Cube/Repository/STM32Cube_FW_F1_V1.8.0/Drivers/CMSIS/Include\cmsis_gcc.h ****  *
  12:C:/Users/lenovo/STM32Cube/Repository/STM32Cube_FW_F1_V1.8.0/Drivers/CMSIS/Include\cmsis_gcc.h ****  * Licensed under the Apache License, Version 2.0 (the License); you may
  13:C:/Users/lenovo/STM32Cube/Repository/STM32Cube_FW_F1_V1.8.0/Drivers/CMSIS/Include\cmsis_gcc.h ****  * not use this file except in compliance with the License.
  14:C:/Users/lenovo/STM32Cube/Repository/STM32Cube_FW_F1_V1.8.0/Drivers/CMSIS/Include\cmsis_gcc.h ****  * You may obtain a copy of the License at
  15:C:/Users/lenovo/STM32Cube/Repository/STM32Cube_FW_F1_V1.8.0/Drivers/CMSIS/Include\cmsis_gcc.h ****  *
  16:C:/Users/lenovo/STM32Cube/Repository/STM32Cube_FW_F1_V1.8.0/Drivers/CMSIS/Include\cmsis_gcc.h ****  * www.apache.org/licenses/LICENSE-2.0
  17:C:/Users/lenovo/STM32Cube/Repository/STM32Cube_FW_F1_V1.8.0/Drivers/CMSIS/Include\cmsis_gcc.h ****  *
  18:C:/Users/lenovo/STM32Cube/Repository/STM32Cube_FW_F1_V1.8.0/Drivers/CMSIS/Include\cmsis_gcc.h ****  * Unless required by applicable law or agreed to in writing, software
  19:C:/Users/lenovo/STM32Cube/Repository/STM32Cube_FW_F1_V1.8.0/Drivers/CMSIS/Include\cmsis_gcc.h ****  * distributed under the License is distributed on an AS IS BASIS, WITHOUT
  20:C:/Users/lenovo/STM32Cube/Repository/STM32Cube_FW_F1_V1.8.0/Drivers/CMSIS/Include\cmsis_gcc.h ****  * WARRANTIES OR CONDITIONS OF ANY KIND, either express or implied.
ARM GAS  C:\Users\lenovo\AppData\Local\Temp\ccGuXrhX.s 			page 3


  21:C:/Users/lenovo/STM32Cube/Repository/STM32Cube_FW_F1_V1.8.0/Drivers/CMSIS/Include\cmsis_gcc.h ****  * See the License for the specific language governing permissions and
  22:C:/Users/lenovo/STM32Cube/Repository/STM32Cube_FW_F1_V1.8.0/Drivers/CMSIS/Include\cmsis_gcc.h ****  * limitations under the License.
  23:C:/Users/lenovo/STM32Cube/Repository/STM32Cube_FW_F1_V1.8.0/Drivers/CMSIS/Include\cmsis_gcc.h ****  */
  24:C:/Users/lenovo/STM32Cube/Repository/STM32Cube_FW_F1_V1.8.0/Drivers/CMSIS/Include\cmsis_gcc.h **** 
  25:C:/Users/lenovo/STM32Cube/Repository/STM32Cube_FW_F1_V1.8.0/Drivers/CMSIS/Include\cmsis_gcc.h **** #ifndef __CMSIS_GCC_H
  26:C:/Users/lenovo/STM32Cube/Repository/STM32Cube_FW_F1_V1.8.0/Drivers/CMSIS/Include\cmsis_gcc.h **** #define __CMSIS_GCC_H
  27:C:/Users/lenovo/STM32Cube/Repository/STM32Cube_FW_F1_V1.8.0/Drivers/CMSIS/Include\cmsis_gcc.h **** 
  28:C:/Users/lenovo/STM32Cube/Repository/STM32Cube_FW_F1_V1.8.0/Drivers/CMSIS/Include\cmsis_gcc.h **** /* ignore some GCC warnings */
  29:C:/Users/lenovo/STM32Cube/Repository/STM32Cube_FW_F1_V1.8.0/Drivers/CMSIS/Include\cmsis_gcc.h **** #pragma GCC diagnostic push
  30:C:/Users/lenovo/STM32Cube/Repository/STM32Cube_FW_F1_V1.8.0/Drivers/CMSIS/Include\cmsis_gcc.h **** #pragma GCC diagnostic ignored "-Wsign-conversion"
  31:C:/Users/lenovo/STM32Cube/Repository/STM32Cube_FW_F1_V1.8.0/Drivers/CMSIS/Include\cmsis_gcc.h **** #pragma GCC diagnostic ignored "-Wconversion"
  32:C:/Users/lenovo/STM32Cube/Repository/STM32Cube_FW_F1_V1.8.0/Drivers/CMSIS/Include\cmsis_gcc.h **** #pragma GCC diagnostic ignored "-Wunused-parameter"
  33:C:/Users/lenovo/STM32Cube/Repository/STM32Cube_FW_F1_V1.8.0/Drivers/CMSIS/Include\cmsis_gcc.h **** 
  34:C:/Users/lenovo/STM32Cube/Repository/STM32Cube_FW_F1_V1.8.0/Drivers/CMSIS/Include\cmsis_gcc.h **** /* Fallback for __has_builtin */
  35:C:/Users/lenovo/STM32Cube/Repository/STM32Cube_FW_F1_V1.8.0/Drivers/CMSIS/Include\cmsis_gcc.h **** #ifndef __has_builtin
  36:C:/Users/lenovo/STM32Cube/Repository/STM32Cube_FW_F1_V1.8.0/Drivers/CMSIS/Include\cmsis_gcc.h ****   #define __has_builtin(x) (0)
  37:C:/Users/lenovo/STM32Cube/Repository/STM32Cube_FW_F1_V1.8.0/Drivers/CMSIS/Include\cmsis_gcc.h **** #endif
  38:C:/Users/lenovo/STM32Cube/Repository/STM32Cube_FW_F1_V1.8.0/Drivers/CMSIS/Include\cmsis_gcc.h **** 
  39:C:/Users/lenovo/STM32Cube/Repository/STM32Cube_FW_F1_V1.8.0/Drivers/CMSIS/Include\cmsis_gcc.h **** /* CMSIS compiler specific defines */
  40:C:/Users/lenovo/STM32Cube/Repository/STM32Cube_FW_F1_V1.8.0/Drivers/CMSIS/Include\cmsis_gcc.h **** #ifndef   __ASM
  41:C:/Users/lenovo/STM32Cube/Repository/STM32Cube_FW_F1_V1.8.0/Drivers/CMSIS/Include\cmsis_gcc.h ****   #define __ASM                                  __asm
  42:C:/Users/lenovo/STM32Cube/Repository/STM32Cube_FW_F1_V1.8.0/Drivers/CMSIS/Include\cmsis_gcc.h **** #endif
  43:C:/Users/lenovo/STM32Cube/Repository/STM32Cube_FW_F1_V1.8.0/Drivers/CMSIS/Include\cmsis_gcc.h **** #ifndef   __INLINE
  44:C:/Users/lenovo/STM32Cube/Repository/STM32Cube_FW_F1_V1.8.0/Drivers/CMSIS/Include\cmsis_gcc.h ****   #define __INLINE                               inline
  45:C:/Users/lenovo/STM32Cube/Repository/STM32Cube_FW_F1_V1.8.0/Drivers/CMSIS/Include\cmsis_gcc.h **** #endif
  46:C:/Users/lenovo/STM32Cube/Repository/STM32Cube_FW_F1_V1.8.0/Drivers/CMSIS/Include\cmsis_gcc.h **** #ifndef   __STATIC_INLINE
  47:C:/Users/lenovo/STM32Cube/Repository/STM32Cube_FW_F1_V1.8.0/Drivers/CMSIS/Include\cmsis_gcc.h ****   #define __STATIC_INLINE                        static inline
  48:C:/Users/lenovo/STM32Cube/Repository/STM32Cube_FW_F1_V1.8.0/Drivers/CMSIS/Include\cmsis_gcc.h **** #endif
  49:C:/Users/lenovo/STM32Cube/Repository/STM32Cube_FW_F1_V1.8.0/Drivers/CMSIS/Include\cmsis_gcc.h **** #ifndef   __STATIC_FORCEINLINE                 
  50:C:/Users/lenovo/STM32Cube/Repository/STM32Cube_FW_F1_V1.8.0/Drivers/CMSIS/Include\cmsis_gcc.h ****   #define __STATIC_FORCEINLINE                   __attribute__((always_inline)) static inline
  51:C:/Users/lenovo/STM32Cube/Repository/STM32Cube_FW_F1_V1.8.0/Drivers/CMSIS/Include\cmsis_gcc.h **** #endif                                           
  52:C:/Users/lenovo/STM32Cube/Repository/STM32Cube_FW_F1_V1.8.0/Drivers/CMSIS/Include\cmsis_gcc.h **** #ifndef   __NO_RETURN
  53:C:/Users/lenovo/STM32Cube/Repository/STM32Cube_FW_F1_V1.8.0/Drivers/CMSIS/Include\cmsis_gcc.h ****   #define __NO_RETURN                            __attribute__((__noreturn__))
  54:C:/Users/lenovo/STM32Cube/Repository/STM32Cube_FW_F1_V1.8.0/Drivers/CMSIS/Include\cmsis_gcc.h **** #endif
  55:C:/Users/lenovo/STM32Cube/Repository/STM32Cube_FW_F1_V1.8.0/Drivers/CMSIS/Include\cmsis_gcc.h **** #ifndef   __USED
  56:C:/Users/lenovo/STM32Cube/Repository/STM32Cube_FW_F1_V1.8.0/Drivers/CMSIS/Include\cmsis_gcc.h ****   #define __USED                                 __attribute__((used))
  57:C:/Users/lenovo/STM32Cube/Repository/STM32Cube_FW_F1_V1.8.0/Drivers/CMSIS/Include\cmsis_gcc.h **** #endif
  58:C:/Users/lenovo/STM32Cube/Repository/STM32Cube_FW_F1_V1.8.0/Drivers/CMSIS/Include\cmsis_gcc.h **** #ifndef   __WEAK
  59:C:/Users/lenovo/STM32Cube/Repository/STM32Cube_FW_F1_V1.8.0/Drivers/CMSIS/Include\cmsis_gcc.h ****   #define __WEAK                                 __attribute__((weak))
  60:C:/Users/lenovo/STM32Cube/Repository/STM32Cube_FW_F1_V1.8.0/Drivers/CMSIS/Include\cmsis_gcc.h **** #endif
  61:C:/Users/lenovo/STM32Cube/Repository/STM32Cube_FW_F1_V1.8.0/Drivers/CMSIS/Include\cmsis_gcc.h **** #ifndef   __PACKED
  62:C:/Users/lenovo/STM32Cube/Repository/STM32Cube_FW_F1_V1.8.0/Drivers/CMSIS/Include\cmsis_gcc.h ****   #define __PACKED                               __attribute__((packed, aligned(1)))
  63:C:/Users/lenovo/STM32Cube/Repository/STM32Cube_FW_F1_V1.8.0/Drivers/CMSIS/Include\cmsis_gcc.h **** #endif
  64:C:/Users/lenovo/STM32Cube/Repository/STM32Cube_FW_F1_V1.8.0/Drivers/CMSIS/Include\cmsis_gcc.h **** #ifndef   __PACKED_STRUCT
  65:C:/Users/lenovo/STM32Cube/Repository/STM32Cube_FW_F1_V1.8.0/Drivers/CMSIS/Include\cmsis_gcc.h ****   #define __PACKED_STRUCT                        struct __attribute__((packed, aligned(1)))
  66:C:/Users/lenovo/STM32Cube/Repository/STM32Cube_FW_F1_V1.8.0/Drivers/CMSIS/Include\cmsis_gcc.h **** #endif
  67:C:/Users/lenovo/STM32Cube/Repository/STM32Cube_FW_F1_V1.8.0/Drivers/CMSIS/Include\cmsis_gcc.h **** #ifndef   __PACKED_UNION
  68:C:/Users/lenovo/STM32Cube/Repository/STM32Cube_FW_F1_V1.8.0/Drivers/CMSIS/Include\cmsis_gcc.h ****   #define __PACKED_UNION                         union __attribute__((packed, aligned(1)))
  69:C:/Users/lenovo/STM32Cube/Repository/STM32Cube_FW_F1_V1.8.0/Drivers/CMSIS/Include\cmsis_gcc.h **** #endif
  70:C:/Users/lenovo/STM32Cube/Repository/STM32Cube_FW_F1_V1.8.0/Drivers/CMSIS/Include\cmsis_gcc.h **** #ifndef   __UNALIGNED_UINT32        /* deprecated */
  71:C:/Users/lenovo/STM32Cube/Repository/STM32Cube_FW_F1_V1.8.0/Drivers/CMSIS/Include\cmsis_gcc.h ****   #pragma GCC diagnostic push
  72:C:/Users/lenovo/STM32Cube/Repository/STM32Cube_FW_F1_V1.8.0/Drivers/CMSIS/Include\cmsis_gcc.h ****   #pragma GCC diagnostic ignored "-Wpacked"
  73:C:/Users/lenovo/STM32Cube/Repository/STM32Cube_FW_F1_V1.8.0/Drivers/CMSIS/Include\cmsis_gcc.h ****   #pragma GCC diagnostic ignored "-Wattributes"
  74:C:/Users/lenovo/STM32Cube/Repository/STM32Cube_FW_F1_V1.8.0/Drivers/CMSIS/Include\cmsis_gcc.h ****   struct __attribute__((packed)) T_UINT32 { uint32_t v; };
  75:C:/Users/lenovo/STM32Cube/Repository/STM32Cube_FW_F1_V1.8.0/Drivers/CMSIS/Include\cmsis_gcc.h ****   #pragma GCC diagnostic pop
  76:C:/Users/lenovo/STM32Cube/Repository/STM32Cube_FW_F1_V1.8.0/Drivers/CMSIS/Include\cmsis_gcc.h ****   #define __UNALIGNED_UINT32(x)                  (((struct T_UINT32 *)(x))->v)
  77:C:/Users/lenovo/STM32Cube/Repository/STM32Cube_FW_F1_V1.8.0/Drivers/CMSIS/Include\cmsis_gcc.h **** #endif
ARM GAS  C:\Users\lenovo\AppData\Local\Temp\ccGuXrhX.s 			page 4


  78:C:/Users/lenovo/STM32Cube/Repository/STM32Cube_FW_F1_V1.8.0/Drivers/CMSIS/Include\cmsis_gcc.h **** #ifndef   __UNALIGNED_UINT16_WRITE
  79:C:/Users/lenovo/STM32Cube/Repository/STM32Cube_FW_F1_V1.8.0/Drivers/CMSIS/Include\cmsis_gcc.h ****   #pragma GCC diagnostic push
  80:C:/Users/lenovo/STM32Cube/Repository/STM32Cube_FW_F1_V1.8.0/Drivers/CMSIS/Include\cmsis_gcc.h ****   #pragma GCC diagnostic ignored "-Wpacked"
  81:C:/Users/lenovo/STM32Cube/Repository/STM32Cube_FW_F1_V1.8.0/Drivers/CMSIS/Include\cmsis_gcc.h ****   #pragma GCC diagnostic ignored "-Wattributes"
  82:C:/Users/lenovo/STM32Cube/Repository/STM32Cube_FW_F1_V1.8.0/Drivers/CMSIS/Include\cmsis_gcc.h ****   __PACKED_STRUCT T_UINT16_WRITE { uint16_t v; };
  83:C:/Users/lenovo/STM32Cube/Repository/STM32Cube_FW_F1_V1.8.0/Drivers/CMSIS/Include\cmsis_gcc.h ****   #pragma GCC diagnostic pop
  84:C:/Users/lenovo/STM32Cube/Repository/STM32Cube_FW_F1_V1.8.0/Drivers/CMSIS/Include\cmsis_gcc.h ****   #define __UNALIGNED_UINT16_WRITE(addr, val)    (void)((((struct T_UINT16_WRITE *)(void *)(addr))-
  85:C:/Users/lenovo/STM32Cube/Repository/STM32Cube_FW_F1_V1.8.0/Drivers/CMSIS/Include\cmsis_gcc.h **** #endif
  86:C:/Users/lenovo/STM32Cube/Repository/STM32Cube_FW_F1_V1.8.0/Drivers/CMSIS/Include\cmsis_gcc.h **** #ifndef   __UNALIGNED_UINT16_READ
  87:C:/Users/lenovo/STM32Cube/Repository/STM32Cube_FW_F1_V1.8.0/Drivers/CMSIS/Include\cmsis_gcc.h ****   #pragma GCC diagnostic push
  88:C:/Users/lenovo/STM32Cube/Repository/STM32Cube_FW_F1_V1.8.0/Drivers/CMSIS/Include\cmsis_gcc.h ****   #pragma GCC diagnostic ignored "-Wpacked"
  89:C:/Users/lenovo/STM32Cube/Repository/STM32Cube_FW_F1_V1.8.0/Drivers/CMSIS/Include\cmsis_gcc.h ****   #pragma GCC diagnostic ignored "-Wattributes"
  90:C:/Users/lenovo/STM32Cube/Repository/STM32Cube_FW_F1_V1.8.0/Drivers/CMSIS/Include\cmsis_gcc.h ****   __PACKED_STRUCT T_UINT16_READ { uint16_t v; };
  91:C:/Users/lenovo/STM32Cube/Repository/STM32Cube_FW_F1_V1.8.0/Drivers/CMSIS/Include\cmsis_gcc.h ****   #pragma GCC diagnostic pop
  92:C:/Users/lenovo/STM32Cube/Repository/STM32Cube_FW_F1_V1.8.0/Drivers/CMSIS/Include\cmsis_gcc.h ****   #define __UNALIGNED_UINT16_READ(addr)          (((const struct T_UINT16_READ *)(const void *)(add
  93:C:/Users/lenovo/STM32Cube/Repository/STM32Cube_FW_F1_V1.8.0/Drivers/CMSIS/Include\cmsis_gcc.h **** #endif
  94:C:/Users/lenovo/STM32Cube/Repository/STM32Cube_FW_F1_V1.8.0/Drivers/CMSIS/Include\cmsis_gcc.h **** #ifndef   __UNALIGNED_UINT32_WRITE
  95:C:/Users/lenovo/STM32Cube/Repository/STM32Cube_FW_F1_V1.8.0/Drivers/CMSIS/Include\cmsis_gcc.h ****   #pragma GCC diagnostic push
  96:C:/Users/lenovo/STM32Cube/Repository/STM32Cube_FW_F1_V1.8.0/Drivers/CMSIS/Include\cmsis_gcc.h ****   #pragma GCC diagnostic ignored "-Wpacked"
  97:C:/Users/lenovo/STM32Cube/Repository/STM32Cube_FW_F1_V1.8.0/Drivers/CMSIS/Include\cmsis_gcc.h ****   #pragma GCC diagnostic ignored "-Wattributes"
  98:C:/Users/lenovo/STM32Cube/Repository/STM32Cube_FW_F1_V1.8.0/Drivers/CMSIS/Include\cmsis_gcc.h ****   __PACKED_STRUCT T_UINT32_WRITE { uint32_t v; };
  99:C:/Users/lenovo/STM32Cube/Repository/STM32Cube_FW_F1_V1.8.0/Drivers/CMSIS/Include\cmsis_gcc.h ****   #pragma GCC diagnostic pop
 100:C:/Users/lenovo/STM32Cube/Repository/STM32Cube_FW_F1_V1.8.0/Drivers/CMSIS/Include\cmsis_gcc.h ****   #define __UNALIGNED_UINT32_WRITE(addr, val)    (void)((((struct T_UINT32_WRITE *)(void *)(addr))-
 101:C:/Users/lenovo/STM32Cube/Repository/STM32Cube_FW_F1_V1.8.0/Drivers/CMSIS/Include\cmsis_gcc.h **** #endif
 102:C:/Users/lenovo/STM32Cube/Repository/STM32Cube_FW_F1_V1.8.0/Drivers/CMSIS/Include\cmsis_gcc.h **** #ifndef   __UNALIGNED_UINT32_READ
 103:C:/Users/lenovo/STM32Cube/Repository/STM32Cube_FW_F1_V1.8.0/Drivers/CMSIS/Include\cmsis_gcc.h ****   #pragma GCC diagnostic push
 104:C:/Users/lenovo/STM32Cube/Repository/STM32Cube_FW_F1_V1.8.0/Drivers/CMSIS/Include\cmsis_gcc.h ****   #pragma GCC diagnostic ignored "-Wpacked"
 105:C:/Users/lenovo/STM32Cube/Repository/STM32Cube_FW_F1_V1.8.0/Drivers/CMSIS/Include\cmsis_gcc.h ****   #pragma GCC diagnostic ignored "-Wattributes"
 106:C:/Users/lenovo/STM32Cube/Repository/STM32Cube_FW_F1_V1.8.0/Drivers/CMSIS/Include\cmsis_gcc.h ****   __PACKED_STRUCT T_UINT32_READ { uint32_t v; };
 107:C:/Users/lenovo/STM32Cube/Repository/STM32Cube_FW_F1_V1.8.0/Drivers/CMSIS/Include\cmsis_gcc.h ****   #pragma GCC diagnostic pop
 108:C:/Users/lenovo/STM32Cube/Repository/STM32Cube_FW_F1_V1.8.0/Drivers/CMSIS/Include\cmsis_gcc.h ****   #define __UNALIGNED_UINT32_READ(addr)          (((const struct T_UINT32_READ *)(const void *)(add
 109:C:/Users/lenovo/STM32Cube/Repository/STM32Cube_FW_F1_V1.8.0/Drivers/CMSIS/Include\cmsis_gcc.h **** #endif
 110:C:/Users/lenovo/STM32Cube/Repository/STM32Cube_FW_F1_V1.8.0/Drivers/CMSIS/Include\cmsis_gcc.h **** #ifndef   __ALIGNED
 111:C:/Users/lenovo/STM32Cube/Repository/STM32Cube_FW_F1_V1.8.0/Drivers/CMSIS/Include\cmsis_gcc.h ****   #define __ALIGNED(x)                           __attribute__((aligned(x)))
 112:C:/Users/lenovo/STM32Cube/Repository/STM32Cube_FW_F1_V1.8.0/Drivers/CMSIS/Include\cmsis_gcc.h **** #endif
 113:C:/Users/lenovo/STM32Cube/Repository/STM32Cube_FW_F1_V1.8.0/Drivers/CMSIS/Include\cmsis_gcc.h **** #ifndef   __RESTRICT
 114:C:/Users/lenovo/STM32Cube/Repository/STM32Cube_FW_F1_V1.8.0/Drivers/CMSIS/Include\cmsis_gcc.h ****   #define __RESTRICT                             __restrict
 115:C:/Users/lenovo/STM32Cube/Repository/STM32Cube_FW_F1_V1.8.0/Drivers/CMSIS/Include\cmsis_gcc.h **** #endif
 116:C:/Users/lenovo/STM32Cube/Repository/STM32Cube_FW_F1_V1.8.0/Drivers/CMSIS/Include\cmsis_gcc.h **** 
 117:C:/Users/lenovo/STM32Cube/Repository/STM32Cube_FW_F1_V1.8.0/Drivers/CMSIS/Include\cmsis_gcc.h **** 
 118:C:/Users/lenovo/STM32Cube/Repository/STM32Cube_FW_F1_V1.8.0/Drivers/CMSIS/Include\cmsis_gcc.h **** /* ###########################  Core Function Access  ########################### */
 119:C:/Users/lenovo/STM32Cube/Repository/STM32Cube_FW_F1_V1.8.0/Drivers/CMSIS/Include\cmsis_gcc.h **** /** \ingroup  CMSIS_Core_FunctionInterface
 120:C:/Users/lenovo/STM32Cube/Repository/STM32Cube_FW_F1_V1.8.0/Drivers/CMSIS/Include\cmsis_gcc.h ****     \defgroup CMSIS_Core_RegAccFunctions CMSIS Core Register Access Functions
 121:C:/Users/lenovo/STM32Cube/Repository/STM32Cube_FW_F1_V1.8.0/Drivers/CMSIS/Include\cmsis_gcc.h ****   @{
 122:C:/Users/lenovo/STM32Cube/Repository/STM32Cube_FW_F1_V1.8.0/Drivers/CMSIS/Include\cmsis_gcc.h ****  */
 123:C:/Users/lenovo/STM32Cube/Repository/STM32Cube_FW_F1_V1.8.0/Drivers/CMSIS/Include\cmsis_gcc.h **** 
 124:C:/Users/lenovo/STM32Cube/Repository/STM32Cube_FW_F1_V1.8.0/Drivers/CMSIS/Include\cmsis_gcc.h **** /**
 125:C:/Users/lenovo/STM32Cube/Repository/STM32Cube_FW_F1_V1.8.0/Drivers/CMSIS/Include\cmsis_gcc.h ****   \brief   Enable IRQ Interrupts
 126:C:/Users/lenovo/STM32Cube/Repository/STM32Cube_FW_F1_V1.8.0/Drivers/CMSIS/Include\cmsis_gcc.h ****   \details Enables IRQ interrupts by clearing the I-bit in the CPSR.
 127:C:/Users/lenovo/STM32Cube/Repository/STM32Cube_FW_F1_V1.8.0/Drivers/CMSIS/Include\cmsis_gcc.h ****            Can only be executed in Privileged modes.
 128:C:/Users/lenovo/STM32Cube/Repository/STM32Cube_FW_F1_V1.8.0/Drivers/CMSIS/Include\cmsis_gcc.h ****  */
 129:C:/Users/lenovo/STM32Cube/Repository/STM32Cube_FW_F1_V1.8.0/Drivers/CMSIS/Include\cmsis_gcc.h **** __STATIC_FORCEINLINE void __enable_irq(void)
 130:C:/Users/lenovo/STM32Cube/Repository/STM32Cube_FW_F1_V1.8.0/Drivers/CMSIS/Include\cmsis_gcc.h **** {
 131:C:/Users/lenovo/STM32Cube/Repository/STM32Cube_FW_F1_V1.8.0/Drivers/CMSIS/Include\cmsis_gcc.h ****   __ASM volatile ("cpsie i" : : : "memory");
 132:C:/Users/lenovo/STM32Cube/Repository/STM32Cube_FW_F1_V1.8.0/Drivers/CMSIS/Include\cmsis_gcc.h **** }
 133:C:/Users/lenovo/STM32Cube/Repository/STM32Cube_FW_F1_V1.8.0/Drivers/CMSIS/Include\cmsis_gcc.h **** 
 134:C:/Users/lenovo/STM32Cube/Repository/STM32Cube_FW_F1_V1.8.0/Drivers/CMSIS/Include\cmsis_gcc.h **** 
ARM GAS  C:\Users\lenovo\AppData\Local\Temp\ccGuXrhX.s 			page 5


 135:C:/Users/lenovo/STM32Cube/Repository/STM32Cube_FW_F1_V1.8.0/Drivers/CMSIS/Include\cmsis_gcc.h **** /**
 136:C:/Users/lenovo/STM32Cube/Repository/STM32Cube_FW_F1_V1.8.0/Drivers/CMSIS/Include\cmsis_gcc.h ****   \brief   Disable IRQ Interrupts
 137:C:/Users/lenovo/STM32Cube/Repository/STM32Cube_FW_F1_V1.8.0/Drivers/CMSIS/Include\cmsis_gcc.h ****   \details Disables IRQ interrupts by setting the I-bit in the CPSR.
 138:C:/Users/lenovo/STM32Cube/Repository/STM32Cube_FW_F1_V1.8.0/Drivers/CMSIS/Include\cmsis_gcc.h ****            Can only be executed in Privileged modes.
 139:C:/Users/lenovo/STM32Cube/Repository/STM32Cube_FW_F1_V1.8.0/Drivers/CMSIS/Include\cmsis_gcc.h ****  */
 140:C:/Users/lenovo/STM32Cube/Repository/STM32Cube_FW_F1_V1.8.0/Drivers/CMSIS/Include\cmsis_gcc.h **** __STATIC_FORCEINLINE void __disable_irq(void)
  37              		.loc 2 140 27 view .LVU2
  38              	.LBB5:
 141:C:/Users/lenovo/STM32Cube/Repository/STM32Cube_FW_F1_V1.8.0/Drivers/CMSIS/Include\cmsis_gcc.h **** {
 142:C:/Users/lenovo/STM32Cube/Repository/STM32Cube_FW_F1_V1.8.0/Drivers/CMSIS/Include\cmsis_gcc.h ****   __ASM volatile ("cpsid i" : : : "memory");
  39              		.loc 2 142 3 view .LVU3
  40              		.syntax unified
  41              	@ 142 "C:/Users/lenovo/STM32Cube/Repository/STM32Cube_FW_F1_V1.8.0/Drivers/CMSIS/Include/cmsis_gcc.
  42 0000 72B6     		cpsid i
  43              	@ 0 "" 2
  44              		.thumb
  45              		.syntax unified
  46              	.L2:
  47              	.LBE5:
  48              	.LBE4:
  60:Core/Src/main.c ****   while (1) {}
  49              		.loc 1 60 3 discriminator 1 view .LVU4
  50              		.loc 1 60 14 discriminator 1 view .LVU5
  51              		.loc 1 60 9 discriminator 1 view .LVU6
  52 0002 FEE7     		b	.L2
  53              		.cfi_endproc
  54              	.LFE67:
  56              		.section	.text.SystemClock_Config,"ax",%progbits
  57              		.align	1
  58              		.global	SystemClock_Config
  59              		.syntax unified
  60              		.thumb
  61              		.thumb_func
  63              	SystemClock_Config:
  64              	.LFB66:
  30:Core/Src/main.c ****   RCC_OscInitTypeDef RCC_OscInitStruct = {0};
  65              		.loc 1 30 1 view -0
  66              		.cfi_startproc
  67              		@ args = 0, pretend = 0, frame = 64
  68              		@ frame_needed = 0, uses_anonymous_args = 0
  69 0000 00B5     		push	{lr}
  70              	.LCFI0:
  71              		.cfi_def_cfa_offset 4
  72              		.cfi_offset 14, -4
  73 0002 91B0     		sub	sp, sp, #68
  74              	.LCFI1:
  75              		.cfi_def_cfa_offset 72
  31:Core/Src/main.c ****   RCC_ClkInitTypeDef RCC_ClkInitStruct = {0};
  76              		.loc 1 31 3 view .LVU8
  31:Core/Src/main.c ****   RCC_ClkInitTypeDef RCC_ClkInitStruct = {0};
  77              		.loc 1 31 22 is_stmt 0 view .LVU9
  78 0004 2822     		movs	r2, #40
  79 0006 0021     		movs	r1, #0
  80 0008 06A8     		add	r0, sp, #24
  81 000a FFF7FEFF 		bl	memset
  82              	.LVL0:
  32:Core/Src/main.c **** 
ARM GAS  C:\Users\lenovo\AppData\Local\Temp\ccGuXrhX.s 			page 6


  83              		.loc 1 32 3 is_stmt 1 view .LVU10
  32:Core/Src/main.c **** 
  84              		.loc 1 32 22 is_stmt 0 view .LVU11
  85 000e 0023     		movs	r3, #0
  86 0010 0193     		str	r3, [sp, #4]
  87 0012 0293     		str	r3, [sp, #8]
  88 0014 0393     		str	r3, [sp, #12]
  89 0016 0493     		str	r3, [sp, #16]
  90 0018 0593     		str	r3, [sp, #20]
  34:Core/Src/main.c ****   RCC_OscInitStruct.HSIState = RCC_HSI_ON;
  91              		.loc 1 34 3 is_stmt 1 view .LVU12
  34:Core/Src/main.c ****   RCC_OscInitStruct.HSIState = RCC_HSI_ON;
  92              		.loc 1 34 36 is_stmt 0 view .LVU13
  93 001a 0223     		movs	r3, #2
  94 001c 0693     		str	r3, [sp, #24]
  35:Core/Src/main.c ****   RCC_OscInitStruct.HSICalibrationValue = RCC_HSICALIBRATION_DEFAULT;
  95              		.loc 1 35 3 is_stmt 1 view .LVU14
  35:Core/Src/main.c ****   RCC_OscInitStruct.HSICalibrationValue = RCC_HSICALIBRATION_DEFAULT;
  96              		.loc 1 35 30 is_stmt 0 view .LVU15
  97 001e 0122     		movs	r2, #1
  98 0020 0A92     		str	r2, [sp, #40]
  36:Core/Src/main.c ****   RCC_OscInitStruct.PLL.PLLState = RCC_PLL_ON;
  99              		.loc 1 36 3 is_stmt 1 view .LVU16
  36:Core/Src/main.c ****   RCC_OscInitStruct.PLL.PLLState = RCC_PLL_ON;
 100              		.loc 1 36 41 is_stmt 0 view .LVU17
 101 0022 1022     		movs	r2, #16
 102 0024 0B92     		str	r2, [sp, #44]
  37:Core/Src/main.c ****   RCC_OscInitStruct.PLL.PLLSource = RCC_PLLSOURCE_HSI_DIV2;
 103              		.loc 1 37 3 is_stmt 1 view .LVU18
  37:Core/Src/main.c ****   RCC_OscInitStruct.PLL.PLLSource = RCC_PLLSOURCE_HSI_DIV2;
 104              		.loc 1 37 34 is_stmt 0 view .LVU19
 105 0026 0D93     		str	r3, [sp, #52]
  38:Core/Src/main.c ****   RCC_OscInitStruct.PLL.PLLMUL = RCC_PLL_MUL2;
 106              		.loc 1 38 3 is_stmt 1 view .LVU20
  39:Core/Src/main.c **** 
 107              		.loc 1 39 3 view .LVU21
  41:Core/Src/main.c ****     Error_Handler();
 108              		.loc 1 41 3 view .LVU22
  41:Core/Src/main.c ****     Error_Handler();
 109              		.loc 1 41 7 is_stmt 0 view .LVU23
 110 0028 06A8     		add	r0, sp, #24
 111 002a FFF7FEFF 		bl	HAL_RCC_OscConfig
 112              	.LVL1:
  41:Core/Src/main.c ****     Error_Handler();
 113              		.loc 1 41 6 view .LVU24
 114 002e 70B9     		cbnz	r0, .L7
  45:Core/Src/main.c ****                               | RCC_CLOCKTYPE_PCLK1 | RCC_CLOCKTYPE_PCLK2;
 115              		.loc 1 45 3 is_stmt 1 view .LVU25
  45:Core/Src/main.c ****                               | RCC_CLOCKTYPE_PCLK1 | RCC_CLOCKTYPE_PCLK2;
 116              		.loc 1 45 31 is_stmt 0 view .LVU26
 117 0030 0F23     		movs	r3, #15
 118 0032 0193     		str	r3, [sp, #4]
  47:Core/Src/main.c ****   RCC_ClkInitStruct.AHBCLKDivider = RCC_SYSCLK_DIV1;
 119              		.loc 1 47 3 is_stmt 1 view .LVU27
  47:Core/Src/main.c ****   RCC_ClkInitStruct.AHBCLKDivider = RCC_SYSCLK_DIV1;
 120              		.loc 1 47 34 is_stmt 0 view .LVU28
 121 0034 0223     		movs	r3, #2
ARM GAS  C:\Users\lenovo\AppData\Local\Temp\ccGuXrhX.s 			page 7


 122 0036 0293     		str	r3, [sp, #8]
  48:Core/Src/main.c ****   RCC_ClkInitStruct.APB1CLKDivider = RCC_HCLK_DIV1;
 123              		.loc 1 48 3 is_stmt 1 view .LVU29
  48:Core/Src/main.c ****   RCC_ClkInitStruct.APB1CLKDivider = RCC_HCLK_DIV1;
 124              		.loc 1 48 35 is_stmt 0 view .LVU30
 125 0038 0021     		movs	r1, #0
 126 003a 0391     		str	r1, [sp, #12]
  49:Core/Src/main.c ****   RCC_ClkInitStruct.APB2CLKDivider = RCC_HCLK_DIV1;
 127              		.loc 1 49 3 is_stmt 1 view .LVU31
  49:Core/Src/main.c ****   RCC_ClkInitStruct.APB2CLKDivider = RCC_HCLK_DIV1;
 128              		.loc 1 49 36 is_stmt 0 view .LVU32
 129 003c 0491     		str	r1, [sp, #16]
  50:Core/Src/main.c **** 
 130              		.loc 1 50 3 is_stmt 1 view .LVU33
  50:Core/Src/main.c **** 
 131              		.loc 1 50 36 is_stmt 0 view .LVU34
 132 003e 0591     		str	r1, [sp, #20]
  52:Core/Src/main.c ****     Error_Handler();
 133              		.loc 1 52 3 is_stmt 1 view .LVU35
  52:Core/Src/main.c ****     Error_Handler();
 134              		.loc 1 52 7 is_stmt 0 view .LVU36
 135 0040 01A8     		add	r0, sp, #4
 136 0042 FFF7FEFF 		bl	HAL_RCC_ClockConfig
 137              	.LVL2:
  52:Core/Src/main.c ****     Error_Handler();
 138              		.loc 1 52 6 view .LVU37
 139 0046 20B9     		cbnz	r0, .L8
  55:Core/Src/main.c **** 
 140              		.loc 1 55 1 view .LVU38
 141 0048 11B0     		add	sp, sp, #68
 142              	.LCFI2:
 143              		.cfi_remember_state
 144              		.cfi_def_cfa_offset 4
 145              		@ sp needed
 146 004a 5DF804FB 		ldr	pc, [sp], #4
 147              	.L7:
 148              	.LCFI3:
 149              		.cfi_restore_state
  42:Core/Src/main.c ****   }
 150              		.loc 1 42 5 is_stmt 1 view .LVU39
 151 004e FFF7FEFF 		bl	Error_Handler
 152              	.LVL3:
 153              	.L8:
  53:Core/Src/main.c ****   }
 154              		.loc 1 53 5 view .LVU40
 155 0052 FFF7FEFF 		bl	Error_Handler
 156              	.LVL4:
 157              		.cfi_endproc
 158              	.LFE66:
 160              		.section	.text.main,"ax",%progbits
 161              		.align	1
 162              		.global	main
 163              		.syntax unified
 164              		.thumb
 165              		.thumb_func
 167              	main:
 168              	.LFB65:
ARM GAS  C:\Users\lenovo\AppData\Local\Temp\ccGuXrhX.s 			page 8


  11:Core/Src/main.c ****   HAL_Init();
 169              		.loc 1 11 1 view -0
 170              		.cfi_startproc
 171              		@ Volatile: function does not return.
 172              		@ args = 0, pretend = 0, frame = 64
 173              		@ frame_needed = 0, uses_anonymous_args = 0
 174 0000 00B5     		push	{lr}
 175              	.LCFI4:
 176              		.cfi_def_cfa_offset 4
 177              		.cfi_offset 14, -4
 178 0002 91B0     		sub	sp, sp, #68
 179              	.LCFI5:
 180              		.cfi_def_cfa_offset 72
  12:Core/Src/main.c ****   SystemClock_Config();
 181              		.loc 1 12 3 view .LVU42
 182 0004 FFF7FEFF 		bl	HAL_Init
 183              	.LVL5:
  13:Core/Src/main.c ****   MX_GPIO_Init();
 184              		.loc 1 13 3 view .LVU43
 185 0008 FFF7FEFF 		bl	SystemClock_Config
 186              	.LVL6:
  14:Core/Src/main.c ****   MX_USART1_UART_Init();
 187              		.loc 1 14 3 view .LVU44
 188 000c FFF7FEFF 		bl	MX_GPIO_Init
 189              	.LVL7:
  15:Core/Src/main.c **** 
 190              		.loc 1 15 3 view .LVU45
 191 0010 FFF7FEFF 		bl	MX_USART1_UART_Init
 192              	.LVL8:
 193              	.L10:
  17:Core/Src/main.c ****   {
 194              		.loc 1 17 3 discriminator 1 view .LVU46
 195              	.LBB6:
  19:Core/Src/main.c **** 
 196              		.loc 1 19 5 discriminator 1 view .LVU47
  19:Core/Src/main.c **** 
 197              		.loc 1 19 13 is_stmt 0 discriminator 1 view .LVU48
 198 0014 0021     		movs	r1, #0
 199 0016 0091     		str	r1, [sp]
 200 0018 3C22     		movs	r2, #60
 201 001a 01A8     		add	r0, sp, #4
 202 001c FFF7FEFF 		bl	memset
 203              	.LVL9:
  22:Core/Src/main.c **** 
 204              		.loc 1 22 5 is_stmt 1 discriminator 1 view .LVU49
 205 0020 094C     		ldr	r4, .L12
 206 0022 4FF0FF33 		mov	r3, #-1
 207 0026 4022     		movs	r2, #64
 208 0028 6946     		mov	r1, sp
 209 002a 2046     		mov	r0, r4
 210 002c FFF7FEFF 		bl	HAL_UART_Receive
 211              	.LVL10:
  25:Core/Src/main.c ****   }
 212              		.loc 1 25 5 discriminator 1 view .LVU50
  25:Core/Src/main.c ****   }
 213              		.loc 1 25 43 is_stmt 0 discriminator 1 view .LVU51
 214 0030 6846     		mov	r0, sp
ARM GAS  C:\Users\lenovo\AppData\Local\Temp\ccGuXrhX.s 			page 9


 215 0032 FFF7FEFF 		bl	strlen
 216              	.LVL11:
  25:Core/Src/main.c ****   }
 217              		.loc 1 25 5 discriminator 1 view .LVU52
 218 0036 4FF0FF33 		mov	r3, #-1
 219 003a 82B2     		uxth	r2, r0
 220 003c 6946     		mov	r1, sp
 221 003e 2046     		mov	r0, r4
 222 0040 FFF7FEFF 		bl	HAL_UART_Transmit
 223              	.LVL12:
 224              	.LBE6:
  17:Core/Src/main.c ****   {
 225              		.loc 1 17 9 is_stmt 1 discriminator 1 view .LVU53
 226 0044 E6E7     		b	.L10
 227              	.L13:
 228 0046 00BF     		.align	2
 229              	.L12:
 230 0048 00000000 		.word	huart1
 231              		.cfi_endproc
 232              	.LFE65:
 234              		.text
 235              	.Letext0:
 236              		.file 3 "d:\\program files (x86)\\gnu arm embedded toolchain\\10 2021.10\\arm-none-eabi\\include\\
 237              		.file 4 "d:\\program files (x86)\\gnu arm embedded toolchain\\10 2021.10\\arm-none-eabi\\include\\
 238              		.file 5 "C:/Users/lenovo/STM32Cube/Repository/STM32Cube_FW_F1_V1.8.0/Drivers/CMSIS/Device/ST/STM32
 239              		.file 6 "C:/Users/lenovo/STM32Cube/Repository/STM32Cube_FW_F1_V1.8.0/Drivers/STM32F1xx_HAL_Driver/
 240              		.file 7 "C:/Users/lenovo/STM32Cube/Repository/STM32Cube_FW_F1_V1.8.0/Drivers/STM32F1xx_HAL_Driver/
 241              		.file 8 "C:/Users/lenovo/STM32Cube/Repository/STM32Cube_FW_F1_V1.8.0/Drivers/STM32F1xx_HAL_Driver/
 242              		.file 9 "C:/Users/lenovo/STM32Cube/Repository/STM32Cube_FW_F1_V1.8.0/Drivers/STM32F1xx_HAL_Driver/
 243              		.file 10 "C:/Users/lenovo/STM32Cube/Repository/STM32Cube_FW_F1_V1.8.0/Drivers/STM32F1xx_HAL_Driver
 244              		.file 11 "d:\\program files (x86)\\gnu arm embedded toolchain\\10 2021.10\\arm-none-eabi\\include\
 245              		.file 12 "C:/Users/lenovo/STM32Cube/Repository/STM32Cube_FW_F1_V1.8.0/Drivers/STM32F1xx_HAL_Driver
 246              		.file 13 "Core/Inc/gpio.h"
 247              		.file 14 "Core/Inc/usart.h"
 248              		.file 15 "<built-in>"
ARM GAS  C:\Users\lenovo\AppData\Local\Temp\ccGuXrhX.s 			page 10


DEFINED SYMBOLS
                            *ABS*:00000000 main.c
C:\Users\lenovo\AppData\Local\Temp\ccGuXrhX.s:18     .text.Error_Handler:00000000 $t
C:\Users\lenovo\AppData\Local\Temp\ccGuXrhX.s:24     .text.Error_Handler:00000000 Error_Handler
C:\Users\lenovo\AppData\Local\Temp\ccGuXrhX.s:57     .text.SystemClock_Config:00000000 $t
C:\Users\lenovo\AppData\Local\Temp\ccGuXrhX.s:63     .text.SystemClock_Config:00000000 SystemClock_Config
C:\Users\lenovo\AppData\Local\Temp\ccGuXrhX.s:161    .text.main:00000000 $t
C:\Users\lenovo\AppData\Local\Temp\ccGuXrhX.s:167    .text.main:00000000 main
C:\Users\lenovo\AppData\Local\Temp\ccGuXrhX.s:230    .text.main:00000048 $d

UNDEFINED SYMBOLS
memset
HAL_RCC_OscConfig
HAL_RCC_ClockConfig
HAL_Init
MX_GPIO_Init
MX_USART1_UART_Init
HAL_UART_Receive
strlen
HAL_UART_Transmit
huart1
