ARM GAS  C:\Users\lenovo\AppData\Local\Temp\ccqAFXRJ.s 			page 1


   1              		.cpu cortex-m3
   2              		.arch armv7-m
   3              		.fpu softvfp
   4              		.eabi_attribute 20, 1
   5              		.eabi_attribute 21, 1
   6              		.eabi_attribute 23, 3
   7              		.eabi_attribute 24, 1
   8              		.eabi_attribute 25, 1
   9              		.eabi_attribute 26, 1
  10              		.eabi_attribute 30, 1
  11              		.eabi_attribute 34, 1
  12              		.eabi_attribute 18, 4
  13              		.file	"gpio.c"
  14              		.text
  15              	.Ltext0:
  16              		.cfi_sections	.debug_frame
  17              		.section	.text.MX_GPIO_Init,"ax",%progbits
  18              		.align	1
  19              		.global	MX_GPIO_Init
  20              		.syntax unified
  21              		.thumb
  22              		.thumb_func
  24              	MX_GPIO_Init:
  25              	.LFB65:
  26              		.file 1 "Core/Src/gpio.c"
   1:Core/Src/gpio.c **** #include "gpio.h"
   2:Core/Src/gpio.c **** 
   3:Core/Src/gpio.c **** void MX_GPIO_Init(void)
   4:Core/Src/gpio.c **** {
  27              		.loc 1 4 1 view -0
  28              		.cfi_startproc
  29              		@ args = 0, pretend = 0, frame = 8
  30              		@ frame_needed = 0, uses_anonymous_args = 0
  31              		@ link register save eliminated.
  32 0000 82B0     		sub	sp, sp, #8
  33              	.LCFI0:
  34              		.cfi_def_cfa_offset 8
   5:Core/Src/gpio.c ****   __HAL_RCC_GPIOA_CLK_ENABLE();
  35              		.loc 1 5 3 view .LVU1
  36              	.LBB2:
  37              		.loc 1 5 3 view .LVU2
  38              		.loc 1 5 3 view .LVU3
  39 0002 0A4B     		ldr	r3, .L3
  40 0004 9A69     		ldr	r2, [r3, #24]
  41 0006 42F00402 		orr	r2, r2, #4
  42 000a 9A61     		str	r2, [r3, #24]
  43              		.loc 1 5 3 view .LVU4
  44 000c 9A69     		ldr	r2, [r3, #24]
  45 000e 02F00402 		and	r2, r2, #4
  46 0012 0092     		str	r2, [sp]
  47              		.loc 1 5 3 view .LVU5
  48 0014 009A     		ldr	r2, [sp]
  49              	.LBE2:
  50              		.loc 1 5 3 view .LVU6
   6:Core/Src/gpio.c ****   __HAL_RCC_GPIOB_CLK_ENABLE();
  51              		.loc 1 6 3 view .LVU7
  52              	.LBB3:
ARM GAS  C:\Users\lenovo\AppData\Local\Temp\ccqAFXRJ.s 			page 2


  53              		.loc 1 6 3 view .LVU8
  54              		.loc 1 6 3 view .LVU9
  55 0016 9A69     		ldr	r2, [r3, #24]
  56 0018 42F00802 		orr	r2, r2, #8
  57 001c 9A61     		str	r2, [r3, #24]
  58              		.loc 1 6 3 view .LVU10
  59 001e 9B69     		ldr	r3, [r3, #24]
  60 0020 03F00803 		and	r3, r3, #8
  61 0024 0193     		str	r3, [sp, #4]
  62              		.loc 1 6 3 view .LVU11
  63 0026 019B     		ldr	r3, [sp, #4]
  64              	.LBE3:
  65              		.loc 1 6 3 view .LVU12
   7:Core/Src/gpio.c **** }
  66              		.loc 1 7 1 is_stmt 0 view .LVU13
  67 0028 02B0     		add	sp, sp, #8
  68              	.LCFI1:
  69              		.cfi_def_cfa_offset 0
  70              		@ sp needed
  71 002a 7047     		bx	lr
  72              	.L4:
  73              		.align	2
  74              	.L3:
  75 002c 00100240 		.word	1073876992
  76              		.cfi_endproc
  77              	.LFE65:
  79              		.text
  80              	.Letext0:
  81              		.file 2 "d:\\program files (x86)\\gnu arm embedded toolchain\\10 2021.10\\arm-none-eabi\\include\\
  82              		.file 3 "d:\\program files (x86)\\gnu arm embedded toolchain\\10 2021.10\\arm-none-eabi\\include\\
  83              		.file 4 "C:/Users/lenovo/STM32Cube/Repository/STM32Cube_FW_F1_V1.8.0/Drivers/CMSIS/Device/ST/STM32
ARM GAS  C:\Users\lenovo\AppData\Local\Temp\ccqAFXRJ.s 			page 3


DEFINED SYMBOLS
                            *ABS*:00000000 gpio.c
C:\Users\lenovo\AppData\Local\Temp\ccqAFXRJ.s:18     .text.MX_GPIO_Init:00000000 $t
C:\Users\lenovo\AppData\Local\Temp\ccqAFXRJ.s:24     .text.MX_GPIO_Init:00000000 MX_GPIO_Init
C:\Users\lenovo\AppData\Local\Temp\ccqAFXRJ.s:75     .text.MX_GPIO_Init:0000002c $d

NO UNDEFINED SYMBOLS
