ARM GAS  C:\Users\lenovo\AppData\Local\Temp\ccg2uXyg.s 			page 1


   1              		.cpu cortex-m0plus
   2              		.arch armv6s-m
   3              		.fpu softvfp
   4              		.eabi_attribute 20, 1
   5              		.eabi_attribute 21, 1
   6              		.eabi_attribute 23, 3
   7              		.eabi_attribute 24, 1
   8              		.eabi_attribute 25, 1
   9              		.eabi_attribute 26, 1
  10              		.eabi_attribute 30, 1
  11              		.eabi_attribute 34, 0
  12              		.eabi_attribute 18, 4
  13              		.file	"gpio.c"
  14              		.text
  15              	.Ltext0:
  16              		.cfi_sections	.debug_frame
  17              		.section	.text.MX_GPIO_Init,"ax",%progbits
  18              		.align	1
  19              		.global	MX_GPIO_Init
  20              		.syntax unified
  21              		.code	16
  22              		.thumb_func
  24              	MX_GPIO_Init:
  25              	.LFB217:
  26              		.file 1 "Core/Src/gpio.c"
   1:Core/Src/gpio.c **** /* USER CODE BEGIN Header */
   2:Core/Src/gpio.c **** /**
   3:Core/Src/gpio.c ****   ******************************************************************************
   4:Core/Src/gpio.c ****   * @file    gpio.c
   5:Core/Src/gpio.c ****   * @brief   This file provides code for the configuration
   6:Core/Src/gpio.c ****   *          of all used GPIO pins.
   7:Core/Src/gpio.c ****   ******************************************************************************
   8:Core/Src/gpio.c ****   * @attention
   9:Core/Src/gpio.c ****   *
  10:Core/Src/gpio.c ****   * Copyright (c) 2025 STMicroelectronics.
  11:Core/Src/gpio.c ****   * All rights reserved.
  12:Core/Src/gpio.c ****   *
  13:Core/Src/gpio.c ****   * This software is licensed under terms that can be found in the LICENSE file
  14:Core/Src/gpio.c ****   * in the root directory of this software component.
  15:Core/Src/gpio.c ****   * If no LICENSE file comes with this software, it is provided AS-IS.
  16:Core/Src/gpio.c ****   *
  17:Core/Src/gpio.c ****   ******************************************************************************
  18:Core/Src/gpio.c ****   */
  19:Core/Src/gpio.c **** /* USER CODE END Header */
  20:Core/Src/gpio.c **** 
  21:Core/Src/gpio.c **** /* Includes ------------------------------------------------------------------*/
  22:Core/Src/gpio.c **** #include "gpio.h"
  23:Core/Src/gpio.c **** 
  24:Core/Src/gpio.c **** /* USER CODE BEGIN 0 */
  25:Core/Src/gpio.c **** 
  26:Core/Src/gpio.c **** /* USER CODE END 0 */
  27:Core/Src/gpio.c **** 
  28:Core/Src/gpio.c **** /*----------------------------------------------------------------------------*/
  29:Core/Src/gpio.c **** /* Configure GPIO                                                             */
  30:Core/Src/gpio.c **** /*----------------------------------------------------------------------------*/
  31:Core/Src/gpio.c **** /* USER CODE BEGIN 1 */
  32:Core/Src/gpio.c **** 
ARM GAS  C:\Users\lenovo\AppData\Local\Temp\ccg2uXyg.s 			page 2


  33:Core/Src/gpio.c **** /* USER CODE END 1 */
  34:Core/Src/gpio.c **** 
  35:Core/Src/gpio.c **** /** Configure pins as
  36:Core/Src/gpio.c ****         * Analog
  37:Core/Src/gpio.c ****         * Input
  38:Core/Src/gpio.c ****         * Output
  39:Core/Src/gpio.c ****         * EVENT_OUT
  40:Core/Src/gpio.c ****         * EXTI
  41:Core/Src/gpio.c ****      PA6   ------> SPI1_MISO
  42:Core/Src/gpio.c ****      PA7   ------> SPI1_MOSI
  43:Core/Src/gpio.c **** */
  44:Core/Src/gpio.c **** void MX_GPIO_Init(void)
  45:Core/Src/gpio.c **** {
  27              		.loc 1 45 1 view -0
  28              		.cfi_startproc
  29              		@ args = 0, pretend = 0, frame = 32
  30              		@ frame_needed = 0, uses_anonymous_args = 0
  31 0000 70B5     		push	{r4, r5, r6, lr}
  32              	.LCFI0:
  33              		.cfi_def_cfa_offset 16
  34              		.cfi_offset 4, -16
  35              		.cfi_offset 5, -12
  36              		.cfi_offset 6, -8
  37              		.cfi_offset 14, -4
  38 0002 88B0     		sub	sp, sp, #32
  39              	.LCFI1:
  40              		.cfi_def_cfa_offset 48
  46:Core/Src/gpio.c **** 
  47:Core/Src/gpio.c ****   GPIO_InitTypeDef GPIO_InitStruct = {0};
  41              		.loc 1 47 3 view .LVU1
  42              		.loc 1 47 20 is_stmt 0 view .LVU2
  43 0004 1422     		movs	r2, #20
  44 0006 0021     		movs	r1, #0
  45 0008 03A8     		add	r0, sp, #12
  46 000a FFF7FEFF 		bl	memset
  47              	.LVL0:
  48:Core/Src/gpio.c **** 
  49:Core/Src/gpio.c ****   /* GPIO Ports Clock Enable */
  50:Core/Src/gpio.c ****   __HAL_RCC_GPIOC_CLK_ENABLE();
  48              		.loc 1 50 3 is_stmt 1 view .LVU3
  49              	.LBB2:
  50              		.loc 1 50 3 view .LVU4
  51              		.loc 1 50 3 view .LVU5
  52 000e 1B4B     		ldr	r3, .L2
  53 0010 596B     		ldr	r1, [r3, #52]
  54 0012 0422     		movs	r2, #4
  55 0014 1143     		orrs	r1, r2
  56 0016 5963     		str	r1, [r3, #52]
  57              		.loc 1 50 3 view .LVU6
  58 0018 596B     		ldr	r1, [r3, #52]
  59 001a 0A40     		ands	r2, r1
  60 001c 0092     		str	r2, [sp]
  61              		.loc 1 50 3 view .LVU7
  62 001e 009A     		ldr	r2, [sp]
  63              	.LBE2:
  64              		.loc 1 50 3 view .LVU8
  51:Core/Src/gpio.c ****   __HAL_RCC_GPIOF_CLK_ENABLE();
ARM GAS  C:\Users\lenovo\AppData\Local\Temp\ccg2uXyg.s 			page 3


  65              		.loc 1 51 3 view .LVU9
  66              	.LBB3:
  67              		.loc 1 51 3 view .LVU10
  68              		.loc 1 51 3 view .LVU11
  69 0020 596B     		ldr	r1, [r3, #52]
  70 0022 2022     		movs	r2, #32
  71 0024 1143     		orrs	r1, r2
  72 0026 5963     		str	r1, [r3, #52]
  73              		.loc 1 51 3 view .LVU12
  74 0028 596B     		ldr	r1, [r3, #52]
  75 002a 0A40     		ands	r2, r1
  76 002c 0192     		str	r2, [sp, #4]
  77              		.loc 1 51 3 view .LVU13
  78 002e 019A     		ldr	r2, [sp, #4]
  79              	.LBE3:
  80              		.loc 1 51 3 view .LVU14
  52:Core/Src/gpio.c ****   __HAL_RCC_GPIOA_CLK_ENABLE();
  81              		.loc 1 52 3 view .LVU15
  82              	.LBB4:
  83              		.loc 1 52 3 view .LVU16
  84              		.loc 1 52 3 view .LVU17
  85 0030 5A6B     		ldr	r2, [r3, #52]
  86 0032 0125     		movs	r5, #1
  87 0034 2A43     		orrs	r2, r5
  88 0036 5A63     		str	r2, [r3, #52]
  89              		.loc 1 52 3 view .LVU18
  90 0038 5B6B     		ldr	r3, [r3, #52]
  91 003a 2B40     		ands	r3, r5
  92 003c 0293     		str	r3, [sp, #8]
  93              		.loc 1 52 3 view .LVU19
  94 003e 029B     		ldr	r3, [sp, #8]
  95              	.LBE4:
  96              		.loc 1 52 3 view .LVU20
  53:Core/Src/gpio.c **** 
  54:Core/Src/gpio.c ****   /*Configure GPIO pin Output Level */
  55:Core/Src/gpio.c ****   HAL_GPIO_WritePin(CS_pin_GPIO_Port, CS_pin_Pin, GPIO_PIN_RESET);
  97              		.loc 1 55 3 view .LVU21
  98 0040 A024     		movs	r4, #160
  99 0042 E405     		lsls	r4, r4, #23
 100 0044 0022     		movs	r2, #0
 101 0046 1021     		movs	r1, #16
 102 0048 2000     		movs	r0, r4
 103 004a FFF7FEFF 		bl	HAL_GPIO_WritePin
 104              	.LVL1:
  56:Core/Src/gpio.c **** 
  57:Core/Src/gpio.c ****   /*Configure GPIO pin : CS_pin_Pin */
  58:Core/Src/gpio.c ****   GPIO_InitStruct.Pin = CS_pin_Pin;
 105              		.loc 1 58 3 view .LVU22
 106              		.loc 1 58 23 is_stmt 0 view .LVU23
 107 004e 1023     		movs	r3, #16
 108 0050 0393     		str	r3, [sp, #12]
  59:Core/Src/gpio.c ****   GPIO_InitStruct.Mode = GPIO_MODE_OUTPUT_PP;
 109              		.loc 1 59 3 is_stmt 1 view .LVU24
 110              		.loc 1 59 24 is_stmt 0 view .LVU25
 111 0052 0495     		str	r5, [sp, #16]
  60:Core/Src/gpio.c ****   GPIO_InitStruct.Pull = GPIO_NOPULL;
 112              		.loc 1 60 3 is_stmt 1 view .LVU26
ARM GAS  C:\Users\lenovo\AppData\Local\Temp\ccg2uXyg.s 			page 4


 113              		.loc 1 60 24 is_stmt 0 view .LVU27
 114 0054 0025     		movs	r5, #0
 115 0056 0595     		str	r5, [sp, #20]
  61:Core/Src/gpio.c ****   GPIO_InitStruct.Speed = GPIO_SPEED_FREQ_HIGH;
 116              		.loc 1 61 3 is_stmt 1 view .LVU28
 117              		.loc 1 61 25 is_stmt 0 view .LVU29
 118 0058 0226     		movs	r6, #2
 119 005a 0696     		str	r6, [sp, #24]
  62:Core/Src/gpio.c ****   HAL_GPIO_Init(CS_pin_GPIO_Port, &GPIO_InitStruct);
 120              		.loc 1 62 3 is_stmt 1 view .LVU30
 121 005c 03A9     		add	r1, sp, #12
 122 005e 2000     		movs	r0, r4
 123 0060 FFF7FEFF 		bl	HAL_GPIO_Init
 124              	.LVL2:
  63:Core/Src/gpio.c **** 
  64:Core/Src/gpio.c ****   /*Configure GPIO pins : PA6 PA7 */
  65:Core/Src/gpio.c ****   GPIO_InitStruct.Pin = GPIO_PIN_6|GPIO_PIN_7;
 125              		.loc 1 65 3 view .LVU31
 126              		.loc 1 65 23 is_stmt 0 view .LVU32
 127 0064 C023     		movs	r3, #192
 128 0066 0393     		str	r3, [sp, #12]
  66:Core/Src/gpio.c ****   GPIO_InitStruct.Mode = GPIO_MODE_AF_PP;
 129              		.loc 1 66 3 is_stmt 1 view .LVU33
 130              		.loc 1 66 24 is_stmt 0 view .LVU34
 131 0068 0496     		str	r6, [sp, #16]
  67:Core/Src/gpio.c ****   GPIO_InitStruct.Pull = GPIO_NOPULL;
 132              		.loc 1 67 3 is_stmt 1 view .LVU35
 133              		.loc 1 67 24 is_stmt 0 view .LVU36
 134 006a 0595     		str	r5, [sp, #20]
  68:Core/Src/gpio.c ****   GPIO_InitStruct.Speed = GPIO_SPEED_FREQ_HIGH;
 135              		.loc 1 68 3 is_stmt 1 view .LVU37
 136              		.loc 1 68 25 is_stmt 0 view .LVU38
 137 006c 0696     		str	r6, [sp, #24]
  69:Core/Src/gpio.c ****   GPIO_InitStruct.Alternate = GPIO_AF0_SPI1;
 138              		.loc 1 69 3 is_stmt 1 view .LVU39
 139              		.loc 1 69 29 is_stmt 0 view .LVU40
 140 006e 0795     		str	r5, [sp, #28]
  70:Core/Src/gpio.c ****   HAL_GPIO_Init(GPIOA, &GPIO_InitStruct);
 141              		.loc 1 70 3 is_stmt 1 view .LVU41
 142 0070 03A9     		add	r1, sp, #12
 143 0072 2000     		movs	r0, r4
 144 0074 FFF7FEFF 		bl	HAL_GPIO_Init
 145              	.LVL3:
  71:Core/Src/gpio.c **** 
  72:Core/Src/gpio.c **** }
 146              		.loc 1 72 1 is_stmt 0 view .LVU42
 147 0078 08B0     		add	sp, sp, #32
 148              		@ sp needed
 149 007a 70BD     		pop	{r4, r5, r6, pc}
 150              	.L3:
 151              		.align	2
 152              	.L2:
 153 007c 00100240 		.word	1073876992
 154              		.cfi_endproc
 155              	.LFE217:
 157              		.text
 158              	.Letext0:
ARM GAS  C:\Users\lenovo\AppData\Local\Temp\ccg2uXyg.s 			page 5


 159              		.file 2 "d:\\program files (x86)\\gnu arm embedded toolchain\\10 2021.10\\arm-none-eabi\\include\\
 160              		.file 3 "d:\\program files (x86)\\gnu arm embedded toolchain\\10 2021.10\\arm-none-eabi\\include\\
 161              		.file 4 "Drivers/CMSIS/Device/ST/STM32C0xx/Include/stm32c031xx.h"
 162              		.file 5 "Drivers/STM32C0xx_HAL_Driver/Inc/stm32c0xx_hal_gpio.h"
 163              		.file 6 "<built-in>"
ARM GAS  C:\Users\lenovo\AppData\Local\Temp\ccg2uXyg.s 			page 6


DEFINED SYMBOLS
                            *ABS*:00000000 gpio.c
C:\Users\lenovo\AppData\Local\Temp\ccg2uXyg.s:18     .text.MX_GPIO_Init:00000000 $t
C:\Users\lenovo\AppData\Local\Temp\ccg2uXyg.s:24     .text.MX_GPIO_Init:00000000 MX_GPIO_Init
C:\Users\lenovo\AppData\Local\Temp\ccg2uXyg.s:153    .text.MX_GPIO_Init:0000007c $d

UNDEFINED SYMBOLS
memset
HAL_GPIO_WritePin
HAL_GPIO_Init
